  [1m[35m (865.5ms)[0m  [1m[35mCREATE DATABASE "demo_blog_development" ENCODING = 'unicode'[0m
  [1m[35m (0.6ms)[0m  [1m[35mCREATE DATABASE "demo_blog_development" ENCODING = 'unicode'[0m
Started GET "/" for ::1 at 2021-02-01 15:13:24 +0530
Processing by PostsController#index as HTML
  Rendering layout layouts/application.html.erb
  Rendering posts/index.html.erb within layouts/application
  Rendered posts/index.html.erb within layouts/application (Duration: 3.2ms | Allocations: 393)
[Webpacker] Compiling...
[Webpacker] Compiled all packs in /home/kanishka/project/demo-blog/public/packs
[Webpacker] Hash: 415a948d492e21802f43
Version: webpack 4.46.0
Time: 3066ms
Built at: 01/02/2021 3:13:31 pm
                                     Asset       Size       Chunks                         Chunk Names
    js/application-d5a3c3b4dce84b5eb605.js    125 KiB  application  [emitted] [immutable]  application
js/application-d5a3c3b4dce84b5eb605.js.map    139 KiB  application  [emitted] [dev]        application
                             manifest.json  364 bytes               [emitted]              
Entrypoint application = js/application-d5a3c3b4dce84b5eb605.js js/application-d5a3c3b4dce84b5eb605.js.map
[./app/javascript/channels sync recursive _channel\.js$] ./app/javascript/channels sync _channel\.js$ 160 bytes {application} [built]
[./app/javascript/channels/index.js] 211 bytes {application} [built]
[./app/javascript/packs/application.js] 492 bytes {application} [built]
[./node_modules/webpack/buildin/module.js] (webpack)/buildin/module.js 552 bytes {application} [built]
    + 3 hidden modules

  Rendered layout layouts/application.html.erb (Duration: 6930.1ms | Allocations: 14391)
Completed 200 OK in 6969ms (Views: 6939.6ms | ActiveRecord: 0.0ms | Allocations: 18452)


Started GET "/" for ::1 at 2021-02-01 15:18:48 +0530
Processing by PostsController#index as HTML
  Rendering layout layouts/application.html.erb
  Rendering posts/index.html.erb within layouts/application
  Rendered posts/index.html.erb within layouts/application (Duration: 0.2ms | Allocations: 39)
[Webpacker] Everything's up-to-date. Nothing to do
  Rendered layout layouts/application.html.erb (Duration: 3077.9ms | Allocations: 110034)
Completed 200 OK in 3081ms (Views: 3080.4ms | ActiveRecord: 0.0ms | Allocations: 110693)


  [1m[35m (41.9ms)[0m  [1m[35mCREATE TABLE "schema_migrations" ("version" character varying NOT NULL PRIMARY KEY)[0m
  [1m[35m (23.9ms)[0m  [1m[35mCREATE TABLE "ar_internal_metadata" ("key" character varying NOT NULL PRIMARY KEY, "value" character varying, "created_at" timestamp(6) NOT NULL, "updated_at" timestamp(6) NOT NULL)[0m
  [1m[35m (5.1ms)[0m  [1m[34mSELECT pg_try_advisory_lock(17473287024879945)[0m
  [1m[35m (0.5ms)[0m  [1m[34mSELECT "schema_migrations"."version" FROM "schema_migrations" ORDER BY "schema_migrations"."version" ASC[0m
Migrating to CreatePosts (20210201095047)
  [1m[36mTRANSACTION (0.3ms)[0m  [1m[35mBEGIN[0m
  [1m[35m (17.3ms)[0m  [1m[35mCREATE TABLE "posts" ("id" bigserial primary key, "title" character varying, "content" text, "created_at" timestamp(6) NOT NULL, "updated_at" timestamp(6) NOT NULL)[0m
  [1m[36mActiveRecord::SchemaMigration Create (0.5ms)[0m  [1m[32mINSERT INTO "schema_migrations" ("version") VALUES ($1) RETURNING "version"[0m  [["version", "20210201095047"]]
  [1m[36mTRANSACTION (3.7ms)[0m  [1m[35mCOMMIT[0m
  [1m[36mActiveRecord::InternalMetadata Load (0.5ms)[0m  [1m[34mSELECT "ar_internal_metadata".* FROM "ar_internal_metadata" WHERE "ar_internal_metadata"."key" = $1 LIMIT $2[0m  [["key", "environment"], ["LIMIT", 1]]
  [1m[36mTRANSACTION (0.4ms)[0m  [1m[35mBEGIN[0m
  [1m[36mActiveRecord::InternalMetadata Create (5.4ms)[0m  [1m[32mINSERT INTO "ar_internal_metadata" ("key", "value", "created_at", "updated_at") VALUES ($1, $2, $3, $4) RETURNING "key"[0m  [["key", "environment"], ["value", "development"], ["created_at", "2021-02-01 09:52:55.707327"], ["updated_at", "2021-02-01 09:52:55.707327"]]
  [1m[36mTRANSACTION (5.7ms)[0m  [1m[35mCOMMIT[0m
  [1m[35m (0.3ms)[0m  [1m[34mSELECT pg_advisory_unlock(17473287024879945)[0m
  [1m[35m (1.0ms)[0m  [1m[34mSELECT "schema_migrations"."version" FROM "schema_migrations" ORDER BY "schema_migrations"."version" ASC[0m
Started GET "/new" for ::1 at 2021-02-01 15:29:23 +0530
  [1m[35m (1.6ms)[0m  [1m[34mSELECT "schema_migrations"."version" FROM "schema_migrations" ORDER BY "schema_migrations"."version" ASC[0m
  
ActionController::RoutingError (No route matches [GET] "/new"):
  
Started GET "/posts/new" for ::1 at 2021-02-01 15:30:22 +0530
Processing by PostsController#new as HTML
  Rendering layout layouts/application.html.erb
  Rendering posts/new.html.erb within layouts/application
  Rendered posts/new.html.erb within layouts/application (Duration: 0.6ms | Allocations: 107)
[Webpacker] Everything's up-to-date. Nothing to do
  Rendered layout layouts/application.html.erb (Duration: 17.4ms | Allocations: 3539)
Completed 200 OK in 81ms (Views: 22.4ms | ActiveRecord: 23.9ms | Allocations: 8754)


Started GET "/" for ::1 at 2021-02-01 15:30:38 +0530
Processing by PostsController#index as HTML
  Rendering layout layouts/application.html.erb
  Rendering posts/index.html.erb within layouts/application
  Rendered posts/index.html.erb within layouts/application (Duration: 0.3ms | Allocations: 101)
[Webpacker] Everything's up-to-date. Nothing to do
  Rendered layout layouts/application.html.erb (Duration: 14.6ms | Allocations: 3322)
Completed 200 OK in 17ms (Views: 15.4ms | ActiveRecord: 0.0ms | Allocations: 3890)


Started GET "/" for ::1 at 2021-02-06 15:22:17 +0530
  [1m[35m (3.7ms)[0m  [1m[34mSELECT "schema_migrations"."version" FROM "schema_migrations" ORDER BY "schema_migrations"."version" ASC[0m
Processing by PostsController#index as HTML
  Rendering layout layouts/application.html.erb
  Rendering posts/index.html.erb within layouts/application
  Rendered posts/index.html.erb within layouts/application (Duration: 0.9ms | Allocations: 290)
[Webpacker] Everything's up-to-date. Nothing to do
  Rendered layout layouts/application.html.erb (Duration: 61.6ms | Allocations: 9522)
Completed 200 OK in 96ms (Views: 70.7ms | ActiveRecord: 0.0ms | Allocations: 12577)


Started GET "/posts/new" for ::1 at 2021-02-06 15:22:24 +0530
Processing by PostsController#new as HTML
  Rendering layout layouts/application.html.erb
  Rendering posts/new.html.erb within layouts/application
  Rendered posts/new.html.erb within layouts/application (Duration: 116.1ms | Allocations: 19794)
[Webpacker] Everything's up-to-date. Nothing to do
  Rendered layout layouts/application.html.erb (Duration: 125.5ms | Allocations: 22915)
Completed 200 OK in 181ms (Views: 126.6ms | ActiveRecord: 18.8ms | Allocations: 29528)


Started GET "/posts/new" for ::1 at 2021-02-06 15:22:27 +0530
Processing by PostsController#new as HTML
  Rendering layout layouts/application.html.erb
  Rendering posts/new.html.erb within layouts/application
  Rendered posts/new.html.erb within layouts/application (Duration: 11.7ms | Allocations: 5373)
[Webpacker] Everything's up-to-date. Nothing to do
  Rendered layout layouts/application.html.erb (Duration: 17.1ms | Allocations: 8476)
Completed 200 OK in 20ms (Views: 18.4ms | ActiveRecord: 0.0ms | Allocations: 8940)


Started GET "/posts/new" for ::1 at 2021-02-06 15:22:33 +0530
Processing by PostsController#new as HTML
  Rendering layout layouts/application.html.erb
  Rendering posts/new.html.erb within layouts/application
  Rendered posts/new.html.erb within layouts/application (Duration: 9.7ms | Allocations: 5372)
[Webpacker] Everything's up-to-date. Nothing to do
  Rendered layout layouts/application.html.erb (Duration: 21.0ms | Allocations: 8475)
Completed 200 OK in 23ms (Views: 21.6ms | ActiveRecord: 0.0ms | Allocations: 8940)


Started GET "/posts/new" for ::1 at 2021-02-06 15:25:01 +0530
Processing by PostsController#new as HTML
  Rendering layout layouts/application.html.erb
  Rendering posts/new.html.erb within layouts/application
  Rendered posts/new.html.erb within layouts/application (Duration: 13.2ms | Allocations: 5610)
[Webpacker] Everything's up-to-date. Nothing to do
  Rendered layout layouts/application.html.erb (Duration: 29.1ms | Allocations: 8958)
Completed 200 OK in 34ms (Views: 32.0ms | ActiveRecord: 0.0ms | Allocations: 10179)


Started GET "/posts/new" for ::1 at 2021-02-06 15:25:02 +0530
Processing by PostsController#new as HTML
  Rendering layout layouts/application.html.erb
  Rendering posts/new.html.erb within layouts/application
  Rendered posts/new.html.erb within layouts/application (Duration: 13.9ms | Allocations: 5381)
[Webpacker] Everything's up-to-date. Nothing to do
  Rendered layout layouts/application.html.erb (Duration: 22.5ms | Allocations: 8500)
Completed 200 OK in 29ms (Views: 23.7ms | ActiveRecord: 0.0ms | Allocations: 8958)


Started GET "/posts/new" for ::1 at 2021-02-06 15:25:10 +0530
Processing by PostsController#new as HTML
  Rendering layout layouts/application.html.erb
  Rendering posts/new.html.erb within layouts/application
  Rendered posts/new.html.erb within layouts/application (Duration: 17.9ms | Allocations: 5374)
[Webpacker] Everything's up-to-date. Nothing to do
  Rendered layout layouts/application.html.erb (Duration: 26.6ms | Allocations: 8477)
Completed 200 OK in 31ms (Views: 29.0ms | ActiveRecord: 0.0ms | Allocations: 8943)


Started GET "/posts/new" for ::1 at 2021-02-06 15:25:11 +0530
Processing by PostsController#new as HTML
  Rendering layout layouts/application.html.erb
  Rendering posts/new.html.erb within layouts/application
  Rendered posts/new.html.erb within layouts/application (Duration: 12.3ms | Allocations: 5373)
[Webpacker] Everything's up-to-date. Nothing to do
  Rendered layout layouts/application.html.erb (Duration: 24.6ms | Allocations: 8492)
Completed 200 OK in 29ms (Views: 25.5ms | ActiveRecord: 0.0ms | Allocations: 8948)


Started GET "/posts/new" for ::1 at 2021-02-06 15:25:13 +0530
Processing by PostsController#new as HTML
  Rendering layout layouts/application.html.erb
  Rendering posts/new.html.erb within layouts/application
  Rendered posts/new.html.erb within layouts/application (Duration: 14.4ms | Allocations: 5372)
[Webpacker] Everything's up-to-date. Nothing to do
  Rendered layout layouts/application.html.erb (Duration: 19.3ms | Allocations: 8473)
Completed 200 OK in 25ms (Views: 21.5ms | ActiveRecord: 0.0ms | Allocations: 8928)


Started GET "/posts/new" for ::1 at 2021-02-06 15:25:14 +0530
Processing by PostsController#new as HTML
  Rendering layout layouts/application.html.erb
  Rendering posts/new.html.erb within layouts/application
  Rendered posts/new.html.erb within layouts/application (Duration: 12.0ms | Allocations: 5372)
[Webpacker] Everything's up-to-date. Nothing to do
  Rendered layout layouts/application.html.erb (Duration: 25.0ms | Allocations: 8473)
Completed 200 OK in 30ms (Views: 27.6ms | ActiveRecord: 0.0ms | Allocations: 8928)


Started GET "/posts/new" for ::1 at 2021-02-06 15:25:16 +0530
Processing by PostsController#new as HTML
  Rendering layout layouts/application.html.erb
  Rendering posts/new.html.erb within layouts/application
  Rendered posts/new.html.erb within layouts/application (Duration: 15.1ms | Allocations: 5374)
[Webpacker] Everything's up-to-date. Nothing to do
  Rendered layout layouts/application.html.erb (Duration: 24.9ms | Allocations: 8493)
Completed 200 OK in 27ms (Views: 25.7ms | ActiveRecord: 0.0ms | Allocations: 8950)


Started GET "/posts/new" for ::1 at 2021-02-06 15:31:45 +0530
Processing by PostsController#new as HTML
  Rendering layout layouts/application.html.erb
  Rendering posts/new.html.erb within layouts/application
  Rendered posts/new.html.erb within layouts/application (Duration: 23.0ms | Allocations: 3492)
[Webpacker] Everything's up-to-date. Nothing to do
  Rendered layout layouts/application.html.erb (Duration: 38.8ms | Allocations: 6840)
Completed 200 OK in 51ms (Views: 46.7ms | Allocations: 8057)


Started GET "/posts/new" for ::1 at 2021-02-06 15:36:56 +0530
Processing by PostsController#new as HTML
  Rendering layout layouts/application.html.erb
  Rendering posts/new.html.erb within layouts/application
  Rendered posts/new.html.erb within layouts/application (Duration: 26.6ms | Allocations: 5623)
[Webpacker] Everything's up-to-date. Nothing to do
  Rendered layout layouts/application.html.erb (Duration: 61.3ms | Allocations: 8971)
Completed 200 OK in 73ms (Views: 68.1ms | Allocations: 10184)


Started GET "/posts/new" for ::1 at 2021-02-06 15:38:52 +0530
Processing by PostsController#new as HTML
  Rendering layout layouts/application.html.erb
  Rendering posts/new.html.erb within layouts/application
  Rendered posts/new.html.erb within layouts/application (Duration: 13.5ms | Allocations: 5373)
[Webpacker] Everything's up-to-date. Nothing to do
  Rendered layout layouts/application.html.erb (Duration: 20.4ms | Allocations: 8474)
Completed 200 OK in 25ms (Views: 22.4ms | Allocations: 8927)


Started GET "/posts/new" for ::1 at 2021-02-06 15:40:19 +0530
Processing by PostsController#new as HTML
  Rendering layout layouts/application.html.erb
  Rendering posts/new.html.erb within layouts/application
  Rendered posts/new.html.erb within layouts/application (Duration: 9.8ms | Allocations: 5614)
[Webpacker] Everything's up-to-date. Nothing to do
  Rendered layout layouts/application.html.erb (Duration: 20.9ms | Allocations: 8944)
Completed 200 OK in 25ms (Views: 22.9ms | Allocations: 10157)


Started POST "/posts" for ::1 at 2021-02-06 15:58:18 +0530
Processing by PostsController#create as HTML
  Parameters: {"authenticity_token"=>"[FILTERED]", "post"=>{"title"=>"King", "content"=>"King "}, "commit"=>"Create new post"}
Completed 400 Bad Request in 2ms (Allocations: 755)



ActionController::ParameterMissing - param is missing or the value is empty: posts
Did you mean?  post
               commit
               controller
               action:
  app/controllers/posts_controller.rb:38:in `posts_params'
  app/controllers/posts_controller.rb:15:in `create'

Started POST "/__better_errors/73613226d80a836d/variables" for ::1 at 2021-02-06 15:58:19 +0530
Started POST "/posts" for ::1 at 2021-02-06 15:59:20 +0530
Processing by PostsController#create as HTML
  Parameters: {"authenticity_token"=>"[FILTERED]", "post"=>{"title"=>"King", "content"=>"King "}, "commit"=>"Create new post"}
Completed 500 Internal Server Error in 88ms (ActiveRecord: 28.8ms | Allocations: 8953)



NameError - undefined local variable or method `post' for #<PostsController:0x00000000009dd0>
Did you mean?  @post:
  app/controllers/posts_controller.rb:16:in `create'

Started POST "/__better_errors/f8a44e3eb7942575/variables" for ::1 at 2021-02-06 15:59:21 +0530
Started POST "/posts" for ::1 at 2021-02-06 15:59:55 +0530
Processing by PostsController#create as HTML
  Parameters: {"authenticity_token"=>"[FILTERED]", "post"=>{"title"=>"King", "content"=>"King "}, "commit"=>"Create new post"}
Completed 500 Internal Server Error in 54ms (ActiveRecord: 21.3ms | Allocations: 4507)



NoMethodError - undefined method `save' for nil:NilClass:
  app/controllers/posts_controller.rb:16:in `create'

Started POST "/__better_errors/758488239d514954/variables" for ::1 at 2021-02-06 15:59:55 +0530
Started POST "/posts" for ::1 at 2021-02-06 16:00:17 +0530
Processing by PostsController#create as HTML
  Parameters: {"authenticity_token"=>"[FILTERED]", "post"=>{"title"=>"King", "content"=>"King "}, "commit"=>"Create new post"}
  [1m[36mTRANSACTION (4.7ms)[0m  [1m[35mBEGIN[0m
  ↳ app/controllers/posts_controller.rb:16:in `create'
  [1m[36mPost Create (10.0ms)[0m  [1m[32mINSERT INTO "posts" ("title", "content", "created_at", "updated_at") VALUES ($1, $2, $3, $4) RETURNING "id"[0m  [["title", "King"], ["content", "King "], ["created_at", "2021-02-06 10:30:17.853721"], ["updated_at", "2021-02-06 10:30:17.853721"]]
  ↳ app/controllers/posts_controller.rb:16:in `create'
  [1m[36mTRANSACTION (12.0ms)[0m  [1m[35mCOMMIT[0m
  ↳ app/controllers/posts_controller.rb:16:in `create'
Redirected to http://localhost:3000/posts/1
Completed 302 Found in 86ms (ActiveRecord: 42.9ms | Allocations: 6395)


Started GET "/posts/1" for ::1 at 2021-02-06 16:00:17 +0530
Processing by PostsController#show as HTML
  Parameters: {"id"=>"1"}
  [1m[36mPost Load (2.6ms)[0m  [1m[34mSELECT "posts".* FROM "posts" WHERE "posts"."id" = $1 LIMIT $2[0m  [["id", 1], ["LIMIT", 1]]
  ↳ app/controllers/posts_controller.rb:28:in `show'
  Rendering layout layouts/application.html.erb
  Rendering posts/show.html.erb within layouts/application
  Rendered posts/show.html.erb within layouts/application (Duration: 37.6ms | Allocations: 4594)
  Rendered layout layouts/application.html.erb (Duration: 38.8ms | Allocations: 4663)
Completed 500 Internal Server Error in 65ms (ActiveRecord: 5.0ms | Allocations: 7400)



NameError - undefined local variable or method `post' for #<ActionView::Base:0x0000000000c170>
Did you mean?  @post:
  app/views/posts/show.html.erb:6

Started POST "/__better_errors/97529a0ca8a4fa7f/variables" for ::1 at 2021-02-06 16:00:18 +0530
Started GET "/posts/1" for ::1 at 2021-02-06 16:00:36 +0530
Processing by PostsController#show as HTML
  Parameters: {"id"=>"1"}
  [1m[36mPost Load (4.3ms)[0m  [1m[34mSELECT "posts".* FROM "posts" WHERE "posts"."id" = $1 LIMIT $2[0m  [["id", 1], ["LIMIT", 1]]
  ↳ app/controllers/posts_controller.rb:28:in `show'
  Rendering layout layouts/application.html.erb
  Rendering posts/show.html.erb within layouts/application
  Rendered posts/show.html.erb within layouts/application (Duration: 0.9ms | Allocations: 167)
[Webpacker] Everything's up-to-date. Nothing to do
  Rendered layout layouts/application.html.erb (Duration: 16.8ms | Allocations: 3638)
Completed 200 OK in 38ms (Views: 21.6ms | ActiveRecord: 4.3ms | Allocations: 5552)


